<?xml version="1.0" encoding="utf-8" standalone="no"?>
<test-run id="0" runstate="Runnable" testcasecount="1" result="Passed" total="1" passed="1" failed="0" inconclusive="0" skipped="0" asserts="1" engine-version="3.11.1.0" clr-version="4.0.30319.42000" start-time="2020-04-06 22:03:30Z" end-time="2020-04-06 22:03:31Z" duration="0.896470">
  <command-line><![CDATA[nunit3-console.exe  C:\Users\tomern23\source\repos\BasicTest\BasicTest\bin\Debug\BasicTest.dll]]></command-line>
  <test-suite type="Assembly" id="0-1002" name="BasicTest.dll" fullname="BasicTest.dll" runstate="Runnable" testcasecount="1" result="Passed" start-time="2020-04-06 22:03:31Z" end-time="2020-04-06 22:03:31Z" duration="0.058571" total="1" passed="1" failed="0" warnings="0" inconclusive="0" skipped="0" asserts="1">
    <environment framework-version="3.11.0.0" clr-version="4.0.30319.42000" os-version="Microsoft Windows NT 10.0.17763.0" platform="Win32NT" cwd="C:\Users\tomern23\source\repos\BasicTest\packages\NUnit.ConsoleRunner.3.11.1\tools" machine-name="DESKTOP-L2GKV5E" user="tomern23" user-domain="DESKTOP-L2GKV5E" culture="en-US" uiculture="en-US" os-architecture="x64" />
    <settings>
      <setting name="DisposeRunners" value="True" />
      <setting name="WorkDirectory" value="C:\Users\tomern23\source\repos\BasicTest\packages\NUnit.ConsoleRunner.3.11.1\tools" />
      <setting name="ImageRuntimeVersion" value="4.0.30319" />
      <setting name="ImageTargetFrameworkName" value=".NETFramework,Version=v4.5.2" />
      <setting name="ImageRequiresX86" value="False" />
      <setting name="ImageRequiresDefaultAppDomainAssemblyResolver" value="False" />
      <setting name="RuntimeFramework" value="net-4.0" />
      <setting name="NumberOfTestWorkers" value="4" />
    </settings>
    <properties>
      <property name="_PID" value="4284" />
      <property name="_APPDOMAIN" value="domain-" />
    </properties>
    <test-suite type="TestSuite" id="0-1003" name="BasicTest" fullname="BasicTest" runstate="Runnable" testcasecount="1" result="Passed" start-time="2020-04-06 22:03:31Z" end-time="2020-04-06 22:03:31Z" duration="0.032717" total="1" passed="1" failed="0" warnings="0" inconclusive="0" skipped="0" asserts="1">
      <test-suite type="TestFixture" id="0-1000" name="Test" fullname="BasicTest.Test" classname="BasicTest.Test" runstate="Runnable" testcasecount="1" result="Passed" start-time="2020-04-06 22:03:31Z" end-time="2020-04-06 22:03:31Z" duration="0.023695" total="1" passed="1" failed="0" warnings="0" inconclusive="0" skipped="0" asserts="1">
        <test-case id="0-1001" name="TestNuber1" fullname="BasicTest.Test.TestNuber1" methodname="TestNuber1" classname="BasicTest.Test" runstate="Runnable" seed="1598112041" result="Passed" start-time="2020-04-06 22:03:31Z" end-time="2020-04-06 22:03:31Z" duration="0.009692" asserts="1">
          <output><![CDATA[Pass
]]></output>
        </test-case>
      </test-suite>
    </test-suite>
  </test-suite>
</test-run>